Unity Editor version:    2020.3.19f1 (68f137dc9bbe)
Branch:                  2020.3/staging
Build type:              Release
Batch mode:              YES
macOS version:           Version 11.6 (Build 20G165)
Darwin version:          20.6.0
Architecture:            x86_64
Running under Rosetta:   NO
Available memory:        8192 MB
Using pre-set license
Pro License: NO

COMMAND LINE ARGUMENTS:
/Volumes/SecondDisk/Apps/Unity/Hub/Editor/2020.3.19f1/Unity.app/Contents/MacOS/Unity
-adb2
-batchMode
-noUpm
-name
AssetImportWorker0
-projectPath
/Volumes/SecondDisk/Job/Asteroids/Asteroids
-logFile
Logs/AssetImportWorker0.log
-srvPort
60096
Successfully changed project path to: /Volumes/SecondDisk/Job/Asteroids/Asteroids
/Volumes/SecondDisk/Job/Asteroids/Asteroids
Using Asset Import Pipeline V2.
Refreshing native plugins compatible for Editor in 84.98 ms, found 3 plugins.
Preloading 0 native plugins for Editor in 0.00 ms.
Initialize engine version: 2020.3.19f1 (68f137dc9bbe)
[Subsystems] Discovering subsystems at path /Volumes/SecondDisk/Apps/Unity/Hub/Editor/2020.3.19f1/Unity.app/Contents/Resources/UnitySubsystems
[Subsystems] Discovering subsystems at path /Volumes/SecondDisk/Job/Asteroids/Asteroids/Assets
GfxDevice: creating device client; threaded=0
2021-11-05 19:39:26.771 Unity[4946:317456] Color LCD preferred device: Intel(R) Iris(TM) Graphics 6000 (low power)
2021-11-05 19:39:26.771 Unity[4946:317456] Metal devices available: 1
2021-11-05 19:39:26.771 Unity[4946:317456] 0: Intel(R) Iris(TM) Graphics 6000 (low power)
2021-11-05 19:39:26.772 Unity[4946:317456] Using device Intel(R) Iris(TM) Graphics 6000 (low power)
Initializing Metal device caps: Intel(R) Iris(TM) Graphics 6000
Initialize mono
Mono path[0] = '/Volumes/SecondDisk/Apps/Unity/Hub/Editor/2020.3.19f1/Unity.app/Contents/Managed'
Mono path[1] = '/Volumes/SecondDisk/Apps/Unity/Hub/Editor/2020.3.19f1/Unity.app/Contents/MonoBleedingEdge/lib/mono/unityjit'
Mono config path = '/Volumes/SecondDisk/Apps/Unity/Hub/Editor/2020.3.19f1/Unity.app/Contents/MonoBleedingEdge/etc'
Using monoOptions --debugger-agent=transport=dt_socket,embedding=1,server=y,suspend=n,address=127.0.0.1:56946
Begin MonoManager ReloadAssembly
Registering precompiled unity dll's ...
Register platform support module: /Volumes/SecondDisk/Apps/Unity/Hub/Editor/2020.3.19f1/Unity.app/Contents/PlaybackEngines/MacStandaloneSupport/UnityEditor.OSXStandalone.Extensions.dll
Registered in 0.004773 seconds.
Native extension for OSXStandalone target not found
Refreshing native plugins compatible for Editor in 69.29 ms, found 3 plugins.
Preloading 0 native plugins for Editor in 0.00 ms.
Mono: successfully reloaded assembly
- Completed reload, in 11.304 seconds
Domain Reload Profiling:
	ReloadAssembly (11305ms)
		BeginReloadAssembly (199ms)
			ExecutionOrderSort (0ms)
			DisableScriptedObjects (0ms)
			BackupInstance (0ms)
			ReleaseScriptingObjects (0ms)
			CreateAndSetChildDomain (4ms)
		EndReloadAssembly (1474ms)
			LoadAssemblies (197ms)
			RebuildTransferFunctionScriptingTraits (5ms)
			SetupTypeCache (849ms)
			ReleaseScriptCaches (1ms)
			RebuildScriptCaches (70ms)
			SetupLoadedEditorAssemblies (430ms)
				LogAssemblyErrors (0ms)
				InitializePlatformSupportModulesInManaged (10ms)
				SetLoadedEditorAssemblies (0ms)
				RefreshPlugins (69ms)
				BeforeProcessingInitializeOnLoad (55ms)
				ProcessInitializeOnLoadAttributes (238ms)
				ProcessInitializeOnLoadMethodAttributes (56ms)
				AfterProcessingInitializeOnLoad (0ms)
				EditorAssembliesLoaded (0ms)
			ExecutionOrderSort2 (0ms)
			AwakeInstancesAfterBackupRestoration (0ms)
Platform modules already initialized, skipping
Registering precompiled user dll's ...
Registered in 0.010680 seconds.
Begin MonoManager ReloadAssembly
Native extension for OSXStandalone target not found
Refreshing native plugins compatible for Editor in 57.93 ms, found 3 plugins.
Preloading 0 native plugins for Editor in 0.00 ms.
Mono: successfully reloaded assembly
- Completed reload, in  2.419 seconds
Domain Reload Profiling:
	ReloadAssembly (2423ms)
		BeginReloadAssembly (322ms)
			ExecutionOrderSort (0ms)
			DisableScriptedObjects (9ms)
			BackupInstance (0ms)
			ReleaseScriptingObjects (0ms)
			CreateAndSetChildDomain (66ms)
		EndReloadAssembly (1988ms)
			LoadAssemblies (234ms)
			RebuildTransferFunctionScriptingTraits (0ms)
			SetupTypeCache (648ms)
			ReleaseScriptCaches (1ms)
			RebuildScriptCaches (94ms)
			SetupLoadedEditorAssemblies (792ms)
				LogAssemblyErrors (0ms)
				InitializePlatformSupportModulesInManaged (6ms)
				SetLoadedEditorAssemblies (0ms)
				RefreshPlugins (58ms)
				BeforeProcessingInitializeOnLoad (107ms)
				ProcessInitializeOnLoadAttributes (580ms)
				ProcessInitializeOnLoadMethodAttributes (34ms)
				AfterProcessingInitializeOnLoad (8ms)
				EditorAssembliesLoaded (0ms)
			ExecutionOrderSort2 (0ms)
			AwakeInstancesAfterBackupRestoration (22ms)
Platform modules already initialized, skipping
Validating Project structure ... 0.004158 seconds.
Shader import version has changed; will reimport all shaders...
Upgrading shader files ...0.004919 seconds.
Application.AssetDatabase Initial Script Refresh Start
RefreshInfo: InitialScriptRefreshV2(NoUpdateAssetOptions) scanfilter:  ... 1 filters
RefreshProfiler: Total: 0.000ms
Application.AssetDatabase Initial Script Refresh End
Application.AssetDatabase.Refresh Start
Application.AssetDatabase.Refresh End
RefreshInfo: StopAssetImportingV2(ForceSynchronousImport) scanfilter: 
RefreshProfiler: Total: 0.000ms
Launching external process: /Volumes/SecondDisk/Apps/Unity/Hub/Editor/2020.3.19f1/Unity.app/Contents/Tools/UnityShaderCompiler
Launched and connected shader compiler UnityShaderCompiler after 0.04 seconds
Initializing Unity extensions:
========================================================================
Worker process is ready to serve import requests
Refreshing native plugins compatible for Editor in 0.62 ms, found 3 plugins.
Preloading 0 native plugins for Editor in 0.00 ms.
Unloading 2113 Unused Serialized files (Serialized files now loaded: 0)
System memory in use before: 199.5 MB.
System memory in use after: 198.7 MB.

Unloading 118 unused Assets to reduce memory usage. Loaded Objects now: 2593.
Total: 5.102425 ms (FindLiveObjects: 0.294518 ms CreateObjectMapping: 0.090459 ms MarkObjects: 3.996086 ms  DeleteObjects: 0.718784 ms)

AssetImportParameters requested are different than current active one (requested -> active):
  custom:video-decoder-ogg-theora: a1e56fd34408186e4bbccfd4996cb3dc -> 
  custom:container-muxer-webm: aa71ff27fc2769a1b78a27578f13a17b -> 
  custom:container-demuxer-webm: 4f35f7cbe854078d1ac9338744f61a02 -> 
  custom:container-demuxer-ogg: 62fdf1f143b41e24485cea50d1cbac27 -> 
  custom:video-encoder-webm-vp8: eb34c28f22e8b96e1ab97ce403110664 -> 
  custom:framework-osx-AVFoundation: e770b220cccbd017edd2c1fefb359320 -> 
  custom:video-decoder-webm-vp8: 9c59270c3fd7afecdb556c50c9e8de78 -> 
  custom:audio-decoder-ogg-vorbis: bf7c407c2cedff20999df2af8eb42d56 -> 
  custom:audio-encoder-webm-vorbis: bf7c407c2cedff20999df2af8eb42d56 -> 
========================================================================
Received Import Request.
  path: Assets/Scripts/Asteroids/AvoidCollision.cs
  artifactKey: Guid(db9657c3d630145cebe76f983858baab) Importer(815301076,1909f56bfc062723c751e8b465ee728b)
Start importing Assets/Scripts/Asteroids/AvoidCollision.cs using Guid(db9657c3d630145cebe76f983858baab) Importer(815301076,1909f56bfc062723c751e8b465ee728b)  -> (artifact id: 'c42f35288da1b8ba11028d7082e37853') in 0.677761 seconds 
  Import took 0.686485 seconds .

========================================================================
Received Import Request.
  Time since last request: 0.009140 seconds.
  path: Assets/Scripts/Asteroids/AsteroidsSpot.cs
  artifactKey: Guid(4fb73840ddfc242f9bb949e1ff4c13a1) Importer(815301076,1909f56bfc062723c751e8b465ee728b)
Start importing Assets/Scripts/Asteroids/AsteroidsSpot.cs using Guid(4fb73840ddfc242f9bb949e1ff4c13a1) Importer(815301076,1909f56bfc062723c751e8b465ee728b)  -> (artifact id: '5785a45262ea5a5f5ff21b7f7dac89b3') in 0.009333 seconds 
  Import took 0.019276 seconds .

========================================================================
Received Prepare
Registering precompiled user dll's ...
Registered in 0.004245 seconds.
Begin MonoManager ReloadAssembly
Native extension for OSXStandalone target not found
Refreshing native plugins compatible for Editor in 0.53 ms, found 3 plugins.
Preloading 0 native plugins for Editor in 0.00 ms.
Mono: successfully reloaded assembly
- Completed reload, in  2.668 seconds
Domain Reload Profiling:
	ReloadAssembly (2670ms)
		BeginReloadAssembly (269ms)
			ExecutionOrderSort (0ms)
			DisableScriptedObjects (18ms)
			BackupInstance (0ms)
			ReleaseScriptingObjects (0ms)
			CreateAndSetChildDomain (132ms)
		EndReloadAssembly (2236ms)
			LoadAssemblies (174ms)
			RebuildTransferFunctionScriptingTraits (0ms)
			SetupTypeCache (964ms)
			ReleaseScriptCaches (2ms)
			RebuildScriptCaches (224ms)
			SetupLoadedEditorAssemblies (537ms)
				LogAssemblyErrors (0ms)
				InitializePlatformSupportModulesInManaged (10ms)
				SetLoadedEditorAssemblies (1ms)
				RefreshPlugins (1ms)
				BeforeProcessingInitializeOnLoad (178ms)
				ProcessInitializeOnLoadAttributes (337ms)
				ProcessInitializeOnLoadMethodAttributes (9ms)
				AfterProcessingInitializeOnLoad (2ms)
				EditorAssembliesLoaded (0ms)
			ExecutionOrderSort2 (0ms)
			AwakeInstancesAfterBackupRestoration (17ms)
Platform modules already initialized, skipping
Refreshing native plugins compatible for Editor in 1.02 ms, found 3 plugins.
Preloading 0 native plugins for Editor in 0.00 ms.
Unloading 2102 Unused Serialized files (Serialized files now loaded: 0)
System memory in use before: 201.4 MB.
System memory in use after: 201.5 MB.

Unloading 15 unused Assets to reduce memory usage. Loaded Objects now: 2597.
Total: 13.837778 ms (FindLiveObjects: 0.752071 ms CreateObjectMapping: 0.646622 ms MarkObjects: 12.208611 ms  DeleteObjects: 0.227287 ms)

AssetImportParameters requested are different than current active one (requested -> active):
  custom:video-decoder-ogg-theora: a1e56fd34408186e4bbccfd4996cb3dc -> 
  custom:container-muxer-webm: aa71ff27fc2769a1b78a27578f13a17b -> 
  custom:container-demuxer-webm: 4f35f7cbe854078d1ac9338744f61a02 -> 
  custom:container-demuxer-ogg: 62fdf1f143b41e24485cea50d1cbac27 -> 
  custom:video-encoder-webm-vp8: eb34c28f22e8b96e1ab97ce403110664 -> 
  custom:framework-osx-AVFoundation: e770b220cccbd017edd2c1fefb359320 -> 
  custom:video-decoder-webm-vp8: 9c59270c3fd7afecdb556c50c9e8de78 -> 
  custom:audio-decoder-ogg-vorbis: bf7c407c2cedff20999df2af8eb42d56 -> 
  custom:audio-encoder-webm-vorbis: bf7c407c2cedff20999df2af8eb42d56 -> 
========================================================================
Received Import Request.
  Time since last request: 105.784506 seconds.
  path: Assets/Scripts/Asteroids/Asteroids.asmdef
  artifactKey: Guid(10cd0657b15614ddb905307cfd55e4d3) Importer(815301076,1909f56bfc062723c751e8b465ee728b)
Start importing Assets/Scripts/Asteroids/Asteroids.asmdef using Guid(10cd0657b15614ddb905307cfd55e4d3) Importer(815301076,1909f56bfc062723c751e8b465ee728b)  -> (artifact id: '9e9ab9676fa219056e4d859ad2634e87') in 4.993196 seconds 
  Import took 5.003142 seconds .

========================================================================
Received Import Request.
  Time since last request: 106.117991 seconds.
  path: Assets/Scripts/CommonScripts/CommonScripts.asmdef
  artifactKey: Guid(6d63d6aded90e47f2b2b2400c3150f23) Importer(815301076,1909f56bfc062723c751e8b465ee728b)
Start importing Assets/Scripts/CommonScripts/CommonScripts.asmdef using Guid(6d63d6aded90e47f2b2b2400c3150f23) Importer(815301076,1909f56bfc062723c751e8b465ee728b)  -> (artifact id: '6986ca865ae4f366c1626274b7027d18') in 0.045857 seconds 
  Import took 0.076738 seconds .

========================================================================
Received Import Request.
  Time since last request: 38.152458 seconds.
  path: Packages/com.unity.ide.rider/Rider/Editor/com.unity.ide.rider.asmdef
  artifactKey: Guid(d528c8c98d269ca44a06cd9624a03945) Importer(815301076,1909f56bfc062723c751e8b465ee728b)
Start importing Packages/com.unity.ide.rider/Rider/Editor/com.unity.ide.rider.asmdef using Guid(d528c8c98d269ca44a06cd9624a03945) Importer(815301076,1909f56bfc062723c751e8b465ee728b)  -> (artifact id: '66e1e44df00fa750fc3b002d47a42d5f') in 0.010412 seconds 
  Import took 0.035354 seconds .

========================================================================
Received Import Request.
  Time since last request: 0.000557 seconds.
  path: Packages/com.unity.ide.visualstudio/Editor/com.unity.ide.visualstudio.asmdef
  artifactKey: Guid(b93f844d45cfcc44fa2b0eed5c9ec6bb) Importer(815301076,1909f56bfc062723c751e8b465ee728b)
Start importing Packages/com.unity.ide.visualstudio/Editor/com.unity.ide.visualstudio.asmdef using Guid(b93f844d45cfcc44fa2b0eed5c9ec6bb) Importer(815301076,1909f56bfc062723c751e8b465ee728b)  -> (artifact id: 'f7c166c5239c9f94d6347c9b443d9b01') in 0.006162 seconds 
  Import took 0.014044 seconds .

========================================================================
Received Import Request.
  Time since last request: 0.000534 seconds.
  path: Packages/com.unity.2d.psdimporter/Editor/PSDPlugin/PsdPlugin.asmdef
  artifactKey: Guid(73a61a380edacb34795f31a3ec21c2ef) Importer(815301076,1909f56bfc062723c751e8b465ee728b)
Start importing Packages/com.unity.2d.psdimporter/Editor/PSDPlugin/PsdPlugin.asmdef using Guid(73a61a380edacb34795f31a3ec21c2ef) Importer(815301076,1909f56bfc062723c751e8b465ee728b)  -> (artifact id: 'f4c3ff3d82941376f908068334a0fcf4') in 0.005452 seconds 
  Import took 0.016784 seconds .

========================================================================
Received Import Request.
  Time since last request: 0.002737 seconds.
  path: Packages/com.unity.timeline/DocCodeExamples/DocCodeExamples.asmdef
  artifactKey: Guid(9550f6b9c1ac87345a996c43f204fb30) Importer(815301076,1909f56bfc062723c751e8b465ee728b)
Start importing Packages/com.unity.timeline/DocCodeExamples/DocCodeExamples.asmdef using Guid(9550f6b9c1ac87345a996c43f204fb30) Importer(815301076,1909f56bfc062723c751e8b465ee728b)  -> (artifact id: 'f483ce6ab1cf87d08116251ed81213b3') in 0.005440 seconds 
  Import took 0.014850 seconds .

========================================================================
Received Import Request.
  Time since last request: 0.000352 seconds.
  path: Packages/com.unity.2d.common/Editor/InternalBridge/InternalBridgeDef.asmdef
  artifactKey: Guid(ce6baade223984afda3f24c7fca12584) Importer(815301076,1909f56bfc062723c751e8b465ee728b)
Start importing Packages/com.unity.2d.common/Editor/InternalBridge/InternalBridgeDef.asmdef using Guid(ce6baade223984afda3f24c7fca12584) Importer(815301076,1909f56bfc062723c751e8b465ee728b)  -> (artifact id: 'e57752e0dc04d4cefc18d8ee5d6fa6dd') in 0.006831 seconds 
  Import took 0.014931 seconds .

========================================================================
Received Import Request.
  Time since last request: 0.001306 seconds.
  path: Packages/com.unity.2d.common/Runtime/InternalBridge/InternalBridgeDef.asmdef
  artifactKey: Guid(e4b228dab700203488a7c7d474a25838) Importer(815301076,1909f56bfc062723c751e8b465ee728b)
Start importing Packages/com.unity.2d.common/Runtime/InternalBridge/InternalBridgeDef.asmdef using Guid(e4b228dab700203488a7c7d474a25838) Importer(815301076,1909f56bfc062723c751e8b465ee728b)  -> (artifact id: 'b331ee9692314d7e95d287171596872b') in 0.004161 seconds 
  Import took 0.012309 seconds .

========================================================================
Received Import Request.
  Time since last request: 3.496778 seconds.
  path: Packages/com.unity.2d.common/Editor/Unity.2D.Common.Editor.asmdef
  artifactKey: Guid(bd2461be96e5f744bbe6bdbc5276eb61) Importer(815301076,1909f56bfc062723c751e8b465ee728b)
Start importing Packages/com.unity.2d.common/Editor/Unity.2D.Common.Editor.asmdef using Guid(bd2461be96e5f744bbe6bdbc5276eb61) Importer(815301076,1909f56bfc062723c751e8b465ee728b)  -> (artifact id: 'cf59224467bb64b2b2dc3614b18f85f0') in 0.004040 seconds 
  Import took 0.010754 seconds .

========================================================================
Received Import Request.
  Time since last request: 0.000377 seconds.
  path: Packages/com.unity.collab-proxy/Editor/Collaborate/Unity.CollabProxy.Editor.asmdef
  artifactKey: Guid(17b36165d09634a48bf5a0e4bb27f4bd) Importer(815301076,1909f56bfc062723c751e8b465ee728b)
Start importing Packages/com.unity.collab-proxy/Editor/Collaborate/Unity.CollabProxy.Editor.asmdef using Guid(17b36165d09634a48bf5a0e4bb27f4bd) Importer(815301076,1909f56bfc062723c751e8b465ee728b)  -> (artifact id: 'e6cddd9542ed187ceb4f03b571daca25') in 0.004130 seconds 
  Import took 0.010057 seconds .

========================================================================
Received Import Request.
  Time since last request: 0.000420 seconds.
  path: Packages/com.unity.2d.common/Tests/Editor/Unity.2D.Common.EditorTests.asmdef
  artifactKey: Guid(03bfc083748b8452197dde3b8ea7fbba) Importer(815301076,1909f56bfc062723c751e8b465ee728b)
Start importing Packages/com.unity.2d.common/Tests/Editor/Unity.2D.Common.EditorTests.asmdef using Guid(03bfc083748b8452197dde3b8ea7fbba) Importer(815301076,1909f56bfc062723c751e8b465ee728b)  -> (artifact id: '8d7061c08f2ae0af0b90c324d668ed26') in 0.004558 seconds 
  Import took 0.011798 seconds .

========================================================================
Received Import Request.
  Time since last request: 0.000438 seconds.
  path: Packages/com.unity.2d.common/Runtime/Unity.2D.Common.Runtime.asmdef
  artifactKey: Guid(c3352a8bbbe14fb4ab52ae7bfff927ea) Importer(815301076,1909f56bfc062723c751e8b465ee728b)
Start importing Packages/com.unity.2d.common/Runtime/Unity.2D.Common.Runtime.asmdef using Guid(c3352a8bbbe14fb4ab52ae7bfff927ea) Importer(815301076,1909f56bfc062723c751e8b465ee728b)  -> (artifact id: '295da2172701d49abbf26bd067dd3a7a') in 0.005340 seconds 
  Import took 0.014163 seconds .

========================================================================
Received Import Request.
  Time since last request: 11.319131 seconds.
  path: Assets/Scripts/Asteroids/Asteroids.asmdef
  artifactKey: Guid(10cd0657b15614ddb905307cfd55e4d3) Importer(815301076,1909f56bfc062723c751e8b465ee728b)
Start importing Assets/Scripts/Asteroids/Asteroids.asmdef using Guid(10cd0657b15614ddb905307cfd55e4d3) Importer(815301076,1909f56bfc062723c751e8b465ee728b)  -> (artifact id: '73aa208443147a77b58019c54b7811ac') in 0.006917 seconds 
  Import took 0.016596 seconds .

========================================================================
Received Import Request.
  Time since last request: 18.211129 seconds.
  path: Assets/Scripts/UI/UI.asmdef
  artifactKey: Guid(83b7e4f47be9b4527809294afa27a6ec) Importer(815301076,1909f56bfc062723c751e8b465ee728b)
Start importing Assets/Scripts/UI/UI.asmdef using Guid(83b7e4f47be9b4527809294afa27a6ec) Importer(815301076,1909f56bfc062723c751e8b465ee728b)  -> (artifact id: '933902e64b11d8c3885087722dabbb84') in 0.006373 seconds 
  Import took 0.015035 seconds .

========================================================================
Received Import Request.
  Time since last request: 13.416438 seconds.
  path: Packages/com.unity.ugui/Editor/UnityEditor.UI.asmdef
  artifactKey: Guid(343deaaf83e0cee4ca978e7df0b80d21) Importer(815301076,1909f56bfc062723c751e8b465ee728b)
Start importing Packages/com.unity.ugui/Editor/UnityEditor.UI.asmdef using Guid(343deaaf83e0cee4ca978e7df0b80d21) Importer(815301076,1909f56bfc062723c751e8b465ee728b)  -> (artifact id: 'b6729f57df2b31e1ee16d37afa663e95') in 0.006151 seconds 
  Import took 0.019463 seconds .

========================================================================
Received Import Request.
  Time since last request: 0.002484 seconds.
  path: Packages/com.unity.ugui/Tests/Editor/UnityEditor.UI.EditorTests.asmdef
  artifactKey: Guid(7c04f0dfa9243c04681a55d90d3ff3fc) Importer(815301076,1909f56bfc062723c751e8b465ee728b)
Start importing Packages/com.unity.ugui/Tests/Editor/UnityEditor.UI.EditorTests.asmdef using Guid(7c04f0dfa9243c04681a55d90d3ff3fc) Importer(815301076,1909f56bfc062723c751e8b465ee728b)  -> (artifact id: '26e74ddf7b099bb21f1e37831a4f5027') in 0.006491 seconds 
  Import took 0.016576 seconds .

========================================================================
Received Import Request.
  Time since last request: 0.010617 seconds.
  path: Packages/com.unity.ugui/Tests/Runtime/UnityEngine.UI.Tests.asmdef
  artifactKey: Guid(e9745f6a32442194c8dc5a43e9ab86f9) Importer(815301076,1909f56bfc062723c751e8b465ee728b)
Start importing Packages/com.unity.ugui/Tests/Runtime/UnityEngine.UI.Tests.asmdef using Guid(e9745f6a32442194c8dc5a43e9ab86f9) Importer(815301076,1909f56bfc062723c751e8b465ee728b)  -> (artifact id: '4cf33fd84799953dce754ba34801e4d3') in 0.004066 seconds 
  Import took 0.022542 seconds .

========================================================================
Received Import Request.
  Time since last request: 0.011537 seconds.
  path: Packages/com.unity.ugui/Runtime/UnityEngine.UI.asmdef
  artifactKey: Guid(2bafac87e7f4b9b418d9448d219b01ab) Importer(815301076,1909f56bfc062723c751e8b465ee728b)
Start importing Packages/com.unity.ugui/Runtime/UnityEngine.UI.asmdef using Guid(2bafac87e7f4b9b418d9448d219b01ab) Importer(815301076,1909f56bfc062723c751e8b465ee728b)  -> (artifact id: '13113e9364e6a0fa363eadb8296f871e') in 0.004431 seconds 
  Import took 0.016452 seconds .

========================================================================
Received Import Request.
  Time since last request: 3.013584 seconds.
  path: Assets/Scripts/Asteroids/Asteroids.asmdef
  artifactKey: Guid(10cd0657b15614ddb905307cfd55e4d3) Importer(815301076,1909f56bfc062723c751e8b465ee728b)
Start importing Assets/Scripts/Asteroids/Asteroids.asmdef using Guid(10cd0657b15614ddb905307cfd55e4d3) Importer(815301076,1909f56bfc062723c751e8b465ee728b)  -> (artifact id: '1d1b7a2a5fd722b983f10954a746148e') in 0.008972 seconds 
  Import took 0.018547 seconds .

========================================================================
Received Import Request.
  Time since last request: 21.224106 seconds.
  path: Assets/Scripts/UI/UI.asmdef
  artifactKey: Guid(83b7e4f47be9b4527809294afa27a6ec) Importer(815301076,1909f56bfc062723c751e8b465ee728b)
Start importing Assets/Scripts/UI/UI.asmdef using Guid(83b7e4f47be9b4527809294afa27a6ec) Importer(815301076,1909f56bfc062723c751e8b465ee728b)  -> (artifact id: '48a688b08acefbf7212f2c078da44fd5') in 0.006447 seconds 
  Import took 0.013744 seconds .

========================================================================
Received Prepare
Registering precompiled user dll's ...
Registered in 0.003453 seconds.
Begin MonoManager ReloadAssembly
Native extension for OSXStandalone target not found
Refreshing native plugins compatible for Editor in 0.66 ms, found 3 plugins.
Preloading 0 native plugins for Editor in 0.00 ms.
Mono: successfully reloaded assembly
- Completed reload, in  2.158 seconds
Domain Reload Profiling:
	ReloadAssembly (2162ms)
		BeginReloadAssembly (342ms)
			ExecutionOrderSort (0ms)
			DisableScriptedObjects (19ms)
			BackupInstance (0ms)
			ReleaseScriptingObjects (0ms)
			CreateAndSetChildDomain (195ms)
		EndReloadAssembly (1700ms)
			LoadAssemblies (180ms)
			RebuildTransferFunctionScriptingTraits (0ms)
			SetupTypeCache (620ms)
			ReleaseScriptCaches (2ms)
			RebuildScriptCaches (83ms)
			SetupLoadedEditorAssemblies (617ms)
				LogAssemblyErrors (0ms)
				InitializePlatformSupportModulesInManaged (10ms)
				SetLoadedEditorAssemblies (2ms)
				RefreshPlugins (1ms)
				BeforeProcessingInitializeOnLoad (203ms)
				ProcessInitializeOnLoadAttributes (388ms)
				ProcessInitializeOnLoadMethodAttributes (12ms)
				AfterProcessingInitializeOnLoad (2ms)
				EditorAssembliesLoaded (0ms)
			ExecutionOrderSort2 (0ms)
			AwakeInstancesAfterBackupRestoration (20ms)
Platform modules already initialized, skipping
Refreshing native plugins compatible for Editor in 0.50 ms, found 3 plugins.
Preloading 0 native plugins for Editor in 0.00 ms.
Unloading 2102 Unused Serialized files (Serialized files now loaded: 0)
System memory in use before: 205.9 MB.
System memory in use after: 206.0 MB.

Unloading 14 unused Assets to reduce memory usage. Loaded Objects now: 2600.
Total: 5.168183 ms (FindLiveObjects: 0.622612 ms CreateObjectMapping: 0.181613 ms MarkObjects: 4.316761 ms  DeleteObjects: 0.045439 ms)

AssetImportParameters requested are different than current active one (requested -> active):
  custom:video-decoder-ogg-theora: a1e56fd34408186e4bbccfd4996cb3dc -> 
  custom:container-muxer-webm: aa71ff27fc2769a1b78a27578f13a17b -> 
  custom:container-demuxer-webm: 4f35f7cbe854078d1ac9338744f61a02 -> 
  custom:container-demuxer-ogg: 62fdf1f143b41e24485cea50d1cbac27 -> 
  custom:video-encoder-webm-vp8: eb34c28f22e8b96e1ab97ce403110664 -> 
  custom:framework-osx-AVFoundation: e770b220cccbd017edd2c1fefb359320 -> 
  custom:video-decoder-webm-vp8: 9c59270c3fd7afecdb556c50c9e8de78 -> 
  custom:audio-decoder-ogg-vorbis: bf7c407c2cedff20999df2af8eb42d56 -> 
  custom:audio-encoder-webm-vorbis: bf7c407c2cedff20999df2af8eb42d56 -> 
========================================================================
Received Import Request.
  Time since last request: 40.717393 seconds.
  path: Assets/Scripts/BulletControl/BulletControl.asmdef
  artifactKey: Guid(b5a572409dbe44edc906065ada3f471e) Importer(815301076,1909f56bfc062723c751e8b465ee728b)
Start importing Assets/Scripts/BulletControl/BulletControl.asmdef using Guid(b5a572409dbe44edc906065ada3f471e) Importer(815301076,1909f56bfc062723c751e8b465ee728b)  -> (artifact id: '1c99061d821c5d6a8e8393785125b952') in 0.014212 seconds 
  Import took 0.025130 seconds .

========================================================================
Received Import Request.
  Time since last request: 16.449086 seconds.
  path: Assets/Scripts/BulletControl/BulletControl.asmdef
  artifactKey: Guid(b5a572409dbe44edc906065ada3f471e) Importer(815301076,1909f56bfc062723c751e8b465ee728b)
Start importing Assets/Scripts/BulletControl/BulletControl.asmdef using Guid(b5a572409dbe44edc906065ada3f471e) Importer(815301076,1909f56bfc062723c751e8b465ee728b)  -> (artifact id: '106e0b38209982b26b068aac1a197a3c') in 0.004297 seconds 
  Import took 0.012792 seconds .

========================================================================
Received Prepare
Registering precompiled user dll's ...
Registered in 0.004287 seconds.
Begin MonoManager ReloadAssembly
Native extension for OSXStandalone target not found
Refreshing native plugins compatible for Editor in 0.56 ms, found 3 plugins.
Preloading 0 native plugins for Editor in 0.00 ms.
Mono: successfully reloaded assembly
- Completed reload, in  3.048 seconds
Domain Reload Profiling:
	ReloadAssembly (3049ms)
		BeginReloadAssembly (381ms)
			ExecutionOrderSort (0ms)
			DisableScriptedObjects (19ms)
			BackupInstance (0ms)
			ReleaseScriptingObjects (0ms)
			CreateAndSetChildDomain (196ms)
		EndReloadAssembly (2424ms)
			LoadAssemblies (279ms)
			RebuildTransferFunctionScriptingTraits (0ms)
			SetupTypeCache (1226ms)
			ReleaseScriptCaches (2ms)
			RebuildScriptCaches (126ms)
			SetupLoadedEditorAssemblies (600ms)
				LogAssemblyErrors (0ms)
				InitializePlatformSupportModulesInManaged (7ms)
				SetLoadedEditorAssemblies (1ms)
				RefreshPlugins (1ms)
				BeforeProcessingInitializeOnLoad (204ms)
				ProcessInitializeOnLoadAttributes (374ms)
				ProcessInitializeOnLoadMethodAttributes (11ms)
				AfterProcessingInitializeOnLoad (2ms)
				EditorAssembliesLoaded (0ms)
			ExecutionOrderSort2 (0ms)
			AwakeInstancesAfterBackupRestoration (19ms)
Platform modules already initialized, skipping
Refreshing native plugins compatible for Editor in 0.56 ms, found 3 plugins.
Preloading 0 native plugins for Editor in 0.00 ms.
Unloading 2102 Unused Serialized files (Serialized files now loaded: 0)
System memory in use before: 206.1 MB.
System memory in use after: 206.2 MB.

Unloading 14 unused Assets to reduce memory usage. Loaded Objects now: 2603.
Total: 4.373072 ms (FindLiveObjects: 0.255215 ms CreateObjectMapping: 0.099661 ms MarkObjects: 3.977963 ms  DeleteObjects: 0.038954 ms)

AssetImportParameters requested are different than current active one (requested -> active):
  custom:video-decoder-ogg-theora: a1e56fd34408186e4bbccfd4996cb3dc -> 
  custom:container-muxer-webm: aa71ff27fc2769a1b78a27578f13a17b -> 
  custom:container-demuxer-webm: 4f35f7cbe854078d1ac9338744f61a02 -> 
  custom:container-demuxer-ogg: 62fdf1f143b41e24485cea50d1cbac27 -> 
  custom:video-encoder-webm-vp8: eb34c28f22e8b96e1ab97ce403110664 -> 
  custom:framework-osx-AVFoundation: e770b220cccbd017edd2c1fefb359320 -> 
  custom:video-decoder-webm-vp8: 9c59270c3fd7afecdb556c50c9e8de78 -> 
  custom:audio-decoder-ogg-vorbis: bf7c407c2cedff20999df2af8eb42d56 -> 
  custom:audio-encoder-webm-vorbis: bf7c407c2cedff20999df2af8eb42d56 -> 
========================================================================
Received Import Request.
  Time since last request: 45.245799 seconds.
  path: Assets/Scripts/Lazer/Lazer.asmdef
  artifactKey: Guid(407c68ad779254e86a0c2981ea66eead) Importer(815301076,1909f56bfc062723c751e8b465ee728b)
Start importing Assets/Scripts/Lazer/Lazer.asmdef using Guid(407c68ad779254e86a0c2981ea66eead) Importer(815301076,1909f56bfc062723c751e8b465ee728b)  -> (artifact id: '4936549e419b925e3444b2dbef931f33') in 0.039538 seconds 
  Import took 0.057082 seconds .

========================================================================
Received Import Request.
  Time since last request: 13.276512 seconds.
  path: Assets/Scripts/Lazer/Lazer.asmdef
  artifactKey: Guid(407c68ad779254e86a0c2981ea66eead) Importer(815301076,1909f56bfc062723c751e8b465ee728b)
Start importing Assets/Scripts/Lazer/Lazer.asmdef using Guid(407c68ad779254e86a0c2981ea66eead) Importer(815301076,1909f56bfc062723c751e8b465ee728b)  -> (artifact id: '18c1a7fef1f0dcd0015598cec839f559') in 0.003132 seconds 
  Import took 0.010029 seconds .

========================================================================
Received Prepare
Registering precompiled user dll's ...
Registered in 0.005026 seconds.
Begin MonoManager ReloadAssembly
Native extension for OSXStandalone target not found
Refreshing native plugins compatible for Editor in 1.13 ms, found 3 plugins.
Preloading 0 native plugins for Editor in 0.00 ms.
Mono: successfully reloaded assembly
- Completed reload, in  2.312 seconds
Domain Reload Profiling:
	ReloadAssembly (2313ms)
		BeginReloadAssembly (341ms)
			ExecutionOrderSort (0ms)
			DisableScriptedObjects (33ms)
			BackupInstance (0ms)
			ReleaseScriptingObjects (0ms)
			CreateAndSetChildDomain (136ms)
		EndReloadAssembly (1797ms)
			LoadAssemblies (250ms)
			RebuildTransferFunctionScriptingTraits (0ms)
			SetupTypeCache (641ms)
			ReleaseScriptCaches (1ms)
			RebuildScriptCaches (87ms)
			SetupLoadedEditorAssemblies (636ms)
				LogAssemblyErrors (0ms)
				InitializePlatformSupportModulesInManaged (10ms)
				SetLoadedEditorAssemblies (1ms)
				RefreshPlugins (1ms)
				BeforeProcessingInitializeOnLoad (212ms)
				ProcessInitializeOnLoadAttributes (397ms)
				ProcessInitializeOnLoadMethodAttributes (12ms)
				AfterProcessingInitializeOnLoad (3ms)
				EditorAssembliesLoaded (0ms)
			ExecutionOrderSort2 (0ms)
			AwakeInstancesAfterBackupRestoration (26ms)
Platform modules already initialized, skipping
Refreshing native plugins compatible for Editor in 0.91 ms, found 3 plugins.
Preloading 0 native plugins for Editor in 0.00 ms.
Unloading 2102 Unused Serialized files (Serialized files now loaded: 0)
System memory in use before: 206.4 MB.
System memory in use after: 206.5 MB.

Unloading 14 unused Assets to reduce memory usage. Loaded Objects now: 2606.
Total: 5.602179 ms (FindLiveObjects: 0.277635 ms CreateObjectMapping: 0.084495 ms MarkObjects: 5.200090 ms  DeleteObjects: 0.036914 ms)

AssetImportParameters requested are different than current active one (requested -> active):
  custom:video-decoder-ogg-theora: a1e56fd34408186e4bbccfd4996cb3dc -> 
  custom:container-muxer-webm: aa71ff27fc2769a1b78a27578f13a17b -> 
  custom:container-demuxer-webm: 4f35f7cbe854078d1ac9338744f61a02 -> 
  custom:container-demuxer-ogg: 62fdf1f143b41e24485cea50d1cbac27 -> 
  custom:video-encoder-webm-vp8: eb34c28f22e8b96e1ab97ce403110664 -> 
  custom:framework-osx-AVFoundation: e770b220cccbd017edd2c1fefb359320 -> 
  custom:video-decoder-webm-vp8: 9c59270c3fd7afecdb556c50c9e8de78 -> 
  custom:audio-decoder-ogg-vorbis: bf7c407c2cedff20999df2af8eb42d56 -> 
  custom:audio-encoder-webm-vorbis: bf7c407c2cedff20999df2af8eb42d56 -> 
========================================================================
Received Import Request.
  Time since last request: 40.946534 seconds.
  path: Assets/Scripts/PlayerControl/PlayerControl.asmdef
  artifactKey: Guid(847565355bc114a33a9612580d9d5250) Importer(815301076,1909f56bfc062723c751e8b465ee728b)
Start importing Assets/Scripts/PlayerControl/PlayerControl.asmdef using Guid(847565355bc114a33a9612580d9d5250) Importer(815301076,1909f56bfc062723c751e8b465ee728b)  -> (artifact id: '5cd2361309853fd86fe4804076027313') in 0.015808 seconds 
  Import took 0.027918 seconds .

========================================================================
Received Import Request.
  Time since last request: 10.054490 seconds.
  path: Assets/Scripts/PlayerControl/PlayerControl.asmdef
  artifactKey: Guid(847565355bc114a33a9612580d9d5250) Importer(815301076,1909f56bfc062723c751e8b465ee728b)
Start importing Assets/Scripts/PlayerControl/PlayerControl.asmdef using Guid(847565355bc114a33a9612580d9d5250) Importer(815301076,1909f56bfc062723c751e8b465ee728b)  -> (artifact id: 'b4a3b565b48f984046869bce0327ffd5') in 0.003376 seconds 
  Import took 0.012760 seconds .

========================================================================
Received Import Request.
  Time since last request: 22.117678 seconds.
  path: Assets/Scripts/PlayerControl/PlayerControl.asmdef
  artifactKey: Guid(847565355bc114a33a9612580d9d5250) Importer(815301076,1909f56bfc062723c751e8b465ee728b)
Start importing Assets/Scripts/PlayerControl/PlayerControl.asmdef using Guid(847565355bc114a33a9612580d9d5250) Importer(815301076,1909f56bfc062723c751e8b465ee728b)  -> (artifact id: 'ecae131a383a60b4cf86ad575af35174') in 0.004985 seconds 
  Import took 0.013703 seconds .

========================================================================
Received Import Request.
  Time since last request: 19.337591 seconds.
  path: Assets/Scripts/WinLose/WinLose.asmdef
  artifactKey: Guid(bd45ffb7419a0480fb3704af2d05e6b6) Importer(815301076,1909f56bfc062723c751e8b465ee728b)
Start importing Assets/Scripts/WinLose/WinLose.asmdef using Guid(bd45ffb7419a0480fb3704af2d05e6b6) Importer(815301076,1909f56bfc062723c751e8b465ee728b)  -> (artifact id: '57c3a88ac31fb0c94f1074fc836df1ca') in 0.007623 seconds 
  Import took 0.015516 seconds .

========================================================================
Received Import Request.
  Time since last request: 29.883093 seconds.
  path: Assets/Scripts/WinLose/WinLose.asmdef
  artifactKey: Guid(bd45ffb7419a0480fb3704af2d05e6b6) Importer(815301076,1909f56bfc062723c751e8b465ee728b)
Start importing Assets/Scripts/WinLose/WinLose.asmdef using Guid(bd45ffb7419a0480fb3704af2d05e6b6) Importer(815301076,1909f56bfc062723c751e8b465ee728b)  -> (artifact id: '9416e34cfc8cd96b88f1915a67213a5e') in 0.004861 seconds 
  Import took 0.012710 seconds .

========================================================================
Received Import Request.
  Time since last request: 75.915568 seconds.
  path: Assets/Scripts/WinLose/WinLose.asmdef
  artifactKey: Guid(bd45ffb7419a0480fb3704af2d05e6b6) Importer(815301076,1909f56bfc062723c751e8b465ee728b)
Start importing Assets/Scripts/WinLose/WinLose.asmdef using Guid(bd45ffb7419a0480fb3704af2d05e6b6) Importer(815301076,1909f56bfc062723c751e8b465ee728b)  -> (artifact id: '45d2ed7f1fc966b340be2ea030142c26') in 0.004822 seconds 
  Import took 0.013877 seconds .

========================================================================
Received Import Request.
  Time since last request: 32.482749 seconds.
  path: Assets/Scripts/WinLose/WinLose.asmdef
  artifactKey: Guid(bd45ffb7419a0480fb3704af2d05e6b6) Importer(815301076,1909f56bfc062723c751e8b465ee728b)
Start importing Assets/Scripts/WinLose/WinLose.asmdef using Guid(bd45ffb7419a0480fb3704af2d05e6b6) Importer(815301076,1909f56bfc062723c751e8b465ee728b)  -> (artifact id: 'a023470ea265e3d0ac4625e1acf7da35') in 0.003780 seconds 
  Import took 0.011655 seconds .

========================================================================
Received Import Request.
  Time since last request: 18.479381 seconds.
  path: Assets/Scripts/WinLose/WinLose.asmdef
  artifactKey: Guid(bd45ffb7419a0480fb3704af2d05e6b6) Importer(815301076,1909f56bfc062723c751e8b465ee728b)
Start importing Assets/Scripts/WinLose/WinLose.asmdef using Guid(bd45ffb7419a0480fb3704af2d05e6b6) Importer(815301076,1909f56bfc062723c751e8b465ee728b)  -> (artifact id: 'a443071c3c15e7b46ff45a29b15ba4bf') in 0.004436 seconds 
  Import took 0.011647 seconds .

========================================================================
Received Import Request.
  Time since last request: 114.642934 seconds.
  path: Assets/Scripts/PlayerControl/PlayerControl.asmdef
  artifactKey: Guid(847565355bc114a33a9612580d9d5250) Importer(815301076,1909f56bfc062723c751e8b465ee728b)
Start importing Assets/Scripts/PlayerControl/PlayerControl.asmdef using Guid(847565355bc114a33a9612580d9d5250) Importer(815301076,1909f56bfc062723c751e8b465ee728b)  -> (artifact id: 'a2ec3708c7808d83a0c64a310a242307') in 0.005643 seconds 
  Import took 0.014962 seconds .

========================================================================
Received Prepare
Registering precompiled user dll's ...
Registered in 0.004324 seconds.
Begin MonoManager ReloadAssembly
Native extension for OSXStandalone target not found
Refreshing native plugins compatible for Editor in 0.69 ms, found 3 plugins.
Preloading 0 native plugins for Editor in 0.00 ms.
Mono: successfully reloaded assembly
- Completed reload, in  3.469 seconds
Domain Reload Profiling:
	ReloadAssembly (3470ms)
		BeginReloadAssembly (620ms)
			ExecutionOrderSort (0ms)
			DisableScriptedObjects (27ms)
			BackupInstance (0ms)
			ReleaseScriptingObjects (0ms)
			CreateAndSetChildDomain (269ms)
		EndReloadAssembly (2277ms)
			LoadAssemblies (415ms)
			RebuildTransferFunctionScriptingTraits (0ms)
			SetupTypeCache (925ms)
			ReleaseScriptCaches (2ms)
			RebuildScriptCaches (108ms)
			SetupLoadedEditorAssemblies (764ms)
				LogAssemblyErrors (0ms)
				InitializePlatformSupportModulesInManaged (14ms)
				SetLoadedEditorAssemblies (1ms)
				RefreshPlugins (1ms)
				BeforeProcessingInitializeOnLoad (249ms)
				ProcessInitializeOnLoadAttributes (483ms)
				ProcessInitializeOnLoadMethodAttributes (12ms)
				AfterProcessingInitializeOnLoad (4ms)
				EditorAssembliesLoaded (0ms)
			ExecutionOrderSort2 (0ms)
			AwakeInstancesAfterBackupRestoration (22ms)
Platform modules already initialized, skipping
Refreshing native plugins compatible for Editor in 0.60 ms, found 3 plugins.
Preloading 0 native plugins for Editor in 0.00 ms.
Unloading 2102 Unused Serialized files (Serialized files now loaded: 0)
System memory in use before: 206.6 MB.
System memory in use after: 206.7 MB.

Unloading 14 unused Assets to reduce memory usage. Loaded Objects now: 2609.
Total: 6.659510 ms (FindLiveObjects: 0.412462 ms CreateObjectMapping: 0.119256 ms MarkObjects: 6.070124 ms  DeleteObjects: 0.055704 ms)

AssetImportParameters requested are different than current active one (requested -> active):
  custom:video-decoder-ogg-theora: a1e56fd34408186e4bbccfd4996cb3dc -> 
  custom:container-muxer-webm: aa71ff27fc2769a1b78a27578f13a17b -> 
  custom:container-demuxer-webm: 4f35f7cbe854078d1ac9338744f61a02 -> 
  custom:container-demuxer-ogg: 62fdf1f143b41e24485cea50d1cbac27 -> 
  custom:video-encoder-webm-vp8: eb34c28f22e8b96e1ab97ce403110664 -> 
  custom:framework-osx-AVFoundation: e770b220cccbd017edd2c1fefb359320 -> 
  custom:video-decoder-webm-vp8: 9c59270c3fd7afecdb556c50c9e8de78 -> 
  custom:audio-decoder-ogg-vorbis: bf7c407c2cedff20999df2af8eb42d56 -> 
  custom:audio-encoder-webm-vorbis: bf7c407c2cedff20999df2af8eb42d56 -> 
========================================================================
Received Import Request.
  Time since last request: 73.285512 seconds.
  path: Assets/Scripts/UFO/UFO.asmdef
  artifactKey: Guid(395ed905404794f2fa3b55835967aef5) Importer(815301076,1909f56bfc062723c751e8b465ee728b)
Start importing Assets/Scripts/UFO/UFO.asmdef using Guid(395ed905404794f2fa3b55835967aef5) Importer(815301076,1909f56bfc062723c751e8b465ee728b)  -> (artifact id: '60a1331a65b8103bba59016c111885a1') in 0.017598 seconds 
  Import took 0.028403 seconds .

========================================================================
Received Import Request.
  Time since last request: 18.237084 seconds.
  path: Assets/Scripts/UFO/UFO.asmdef
  artifactKey: Guid(395ed905404794f2fa3b55835967aef5) Importer(815301076,1909f56bfc062723c751e8b465ee728b)
Start importing Assets/Scripts/UFO/UFO.asmdef using Guid(395ed905404794f2fa3b55835967aef5) Importer(815301076,1909f56bfc062723c751e8b465ee728b)  -> (artifact id: '4c74dbc391af68e93a327b2b01da9576') in 0.004755 seconds 
  Import took 0.012656 seconds .

========================================================================
Received Prepare
Registering precompiled user dll's ...
Registered in 0.006553 seconds.
Begin MonoManager ReloadAssembly
Native extension for OSXStandalone target not found
Refreshing native plugins compatible for Editor in 0.53 ms, found 3 plugins.
Preloading 0 native plugins for Editor in 0.00 ms.
Mono: successfully reloaded assembly
- Completed reload, in  2.265 seconds
Domain Reload Profiling:
	ReloadAssembly (2265ms)
		BeginReloadAssembly (288ms)
			ExecutionOrderSort (0ms)
			DisableScriptedObjects (17ms)
			BackupInstance (0ms)
			ReleaseScriptingObjects (0ms)
			CreateAndSetChildDomain (162ms)
		EndReloadAssembly (1851ms)
			LoadAssemblies (187ms)
			RebuildTransferFunctionScriptingTraits (0ms)
			SetupTypeCache (732ms)
			ReleaseScriptCaches (1ms)
			RebuildScriptCaches (103ms)
			SetupLoadedEditorAssemblies (601ms)
				LogAssemblyErrors (0ms)
				InitializePlatformSupportModulesInManaged (13ms)
				SetLoadedEditorAssemblies (1ms)
				RefreshPlugins (1ms)
				BeforeProcessingInitializeOnLoad (218ms)
				ProcessInitializeOnLoadAttributes (356ms)
				ProcessInitializeOnLoadMethodAttributes (9ms)
				AfterProcessingInitializeOnLoad (3ms)
				EditorAssembliesLoaded (0ms)
			ExecutionOrderSort2 (0ms)
			AwakeInstancesAfterBackupRestoration (18ms)
Platform modules already initialized, skipping
Refreshing native plugins compatible for Editor in 0.51 ms, found 3 plugins.
Preloading 0 native plugins for Editor in 0.00 ms.
Unloading 2102 Unused Serialized files (Serialized files now loaded: 0)
System memory in use before: 206.8 MB.
System memory in use after: 207.0 MB.

Unloading 14 unused Assets to reduce memory usage. Loaded Objects now: 2612.
Total: 4.201202 ms (FindLiveObjects: 0.245341 ms CreateObjectMapping: 0.078065 ms MarkObjects: 3.851936 ms  DeleteObjects: 0.024568 ms)

AssetImportParameters requested are different than current active one (requested -> active):
  custom:video-decoder-ogg-theora: a1e56fd34408186e4bbccfd4996cb3dc -> 
  custom:container-muxer-webm: aa71ff27fc2769a1b78a27578f13a17b -> 
  custom:container-demuxer-webm: 4f35f7cbe854078d1ac9338744f61a02 -> 
  custom:container-demuxer-ogg: 62fdf1f143b41e24485cea50d1cbac27 -> 
  custom:video-encoder-webm-vp8: eb34c28f22e8b96e1ab97ce403110664 -> 
  custom:framework-osx-AVFoundation: e770b220cccbd017edd2c1fefb359320 -> 
  custom:video-decoder-webm-vp8: 9c59270c3fd7afecdb556c50c9e8de78 -> 
  custom:audio-decoder-ogg-vorbis: bf7c407c2cedff20999df2af8eb42d56 -> 
  custom:audio-encoder-webm-vorbis: bf7c407c2cedff20999df2af8eb42d56 -> 
========================================================================
Received Import Request.
  Time since last request: 403.166657 seconds.
  path: Assets/Sprites/UI
  artifactKey: Guid(fd6f8c287be654a3095fd798a53f0d8f) Importer(815301076,1909f56bfc062723c751e8b465ee728b)
Start importing Assets/Sprites/UI using Guid(fd6f8c287be654a3095fd798a53f0d8f) Importer(815301076,1909f56bfc062723c751e8b465ee728b)  -> (artifact id: '80abc67557ae91fc6b2af8e74040a3c3') in 0.009321 seconds 
  Import took 0.018621 seconds .

========================================================================
Received Import Request.
  Time since last request: 14.873825 seconds.
  path: Assets/Scripts/UI/Stats.cs
  artifactKey: Guid(20aaa7cf4c29e4ec9a664cbe83774db0) Importer(815301076,1909f56bfc062723c751e8b465ee728b)
Start importing Assets/Scripts/UI/Stats.cs using Guid(20aaa7cf4c29e4ec9a664cbe83774db0) Importer(815301076,1909f56bfc062723c751e8b465ee728b)  -> (artifact id: '8a8ea6a3c519f7d2f1ff49d23e450f96') in 0.008860 seconds 
  Import took 0.015169 seconds .

========================================================================
Received Import Request.
  Time since last request: 68.522856 seconds.
  path: Packages/com.unity.collab-proxy/Editor/PlasticSCM/Unity.PlasticSCM.Editor.asmdef
  artifactKey: Guid(4b84427fd7ace4b4cb623ef8a46124ed) Importer(815301076,1909f56bfc062723c751e8b465ee728b)
Start importing Packages/com.unity.collab-proxy/Editor/PlasticSCM/Unity.PlasticSCM.Editor.asmdef using Guid(4b84427fd7ace4b4cb623ef8a46124ed) Importer(815301076,1909f56bfc062723c751e8b465ee728b)  -> (artifact id: '09819c7dd297652e7900e3774dabf30a') in 0.011294 seconds 
  Import took 0.018166 seconds .

========================================================================
Received Import Request.
  Time since last request: 0.000438 seconds.
  path: Packages/com.unity.collab-proxy/Tests/Editor/PlasticSCM/Unity.PlasticSCM.EditorTests.asmdef
  artifactKey: Guid(d2a21ff323ae84455892cb5f59624640) Importer(815301076,1909f56bfc062723c751e8b465ee728b)
Start importing Packages/com.unity.collab-proxy/Tests/Editor/PlasticSCM/Unity.PlasticSCM.EditorTests.asmdef using Guid(d2a21ff323ae84455892cb5f59624640) Importer(815301076,1909f56bfc062723c751e8b465ee728b)  -> (artifact id: 'e279aa255b78ecdc828a9e0b6d51733a') in 0.004105 seconds 
  Import took 0.012615 seconds .

========================================================================
Received Import Request.
  Time since last request: 3.335698 seconds.
  path: Assets/Scripts/UI/UI.asmdef
  artifactKey: Guid(83b7e4f47be9b4527809294afa27a6ec) Importer(815301076,1909f56bfc062723c751e8b465ee728b)
Start importing Assets/Scripts/UI/UI.asmdef using Guid(83b7e4f47be9b4527809294afa27a6ec) Importer(815301076,1909f56bfc062723c751e8b465ee728b)  -> (artifact id: '84ac1191cb0e969a55a4fbb47a3def06') in 0.004448 seconds 
  Import took 0.013183 seconds .

========================================================================
Received Prepare
Registering precompiled user dll's ...
Registered in 0.003977 seconds.
Begin MonoManager ReloadAssembly
Native extension for OSXStandalone target not found
Refreshing native plugins compatible for Editor in 0.75 ms, found 3 plugins.
Preloading 0 native plugins for Editor in 0.00 ms.
Mono: successfully reloaded assembly
- Completed reload, in  2.217 seconds
Domain Reload Profiling:
	ReloadAssembly (2222ms)
		BeginReloadAssembly (383ms)
			ExecutionOrderSort (0ms)
			DisableScriptedObjects (46ms)
			BackupInstance (0ms)
			ReleaseScriptingObjects (0ms)
			CreateAndSetChildDomain (200ms)
		EndReloadAssembly (1685ms)
			LoadAssemblies (187ms)
			RebuildTransferFunctionScriptingTraits (0ms)
			SetupTypeCache (610ms)
			ReleaseScriptCaches (1ms)
			RebuildScriptCaches (85ms)
			SetupLoadedEditorAssemblies (594ms)
				LogAssemblyErrors (0ms)
				InitializePlatformSupportModulesInManaged (11ms)
				SetLoadedEditorAssemblies (1ms)
				RefreshPlugins (1ms)
				BeforeProcessingInitializeOnLoad (210ms)
				ProcessInitializeOnLoadAttributes (355ms)
				ProcessInitializeOnLoadMethodAttributes (13ms)
				AfterProcessingInitializeOnLoad (3ms)
				EditorAssembliesLoaded (0ms)
			ExecutionOrderSort2 (0ms)
			AwakeInstancesAfterBackupRestoration (25ms)
Platform modules already initialized, skipping
Refreshing native plugins compatible for Editor in 0.60 ms, found 3 plugins.
Preloading 0 native plugins for Editor in 0.00 ms.
Unloading 2102 Unused Serialized files (Serialized files now loaded: 0)
System memory in use before: 207.0 MB.
System memory in use after: 207.2 MB.

Unloading 14 unused Assets to reduce memory usage. Loaded Objects now: 2615.
Total: 4.365275 ms (FindLiveObjects: 0.376000 ms CreateObjectMapping: 0.083862 ms MarkObjects: 3.851374 ms  DeleteObjects: 0.051725 ms)

AssetImportParameters requested are different than current active one (requested -> active):
  custom:video-decoder-ogg-theora: a1e56fd34408186e4bbccfd4996cb3dc -> 
  custom:container-muxer-webm: aa71ff27fc2769a1b78a27578f13a17b -> 
  custom:container-demuxer-webm: 4f35f7cbe854078d1ac9338744f61a02 -> 
  custom:container-demuxer-ogg: 62fdf1f143b41e24485cea50d1cbac27 -> 
  custom:video-encoder-webm-vp8: eb34c28f22e8b96e1ab97ce403110664 -> 
  custom:framework-osx-AVFoundation: e770b220cccbd017edd2c1fefb359320 -> 
  custom:video-decoder-webm-vp8: 9c59270c3fd7afecdb556c50c9e8de78 -> 
  custom:audio-decoder-ogg-vorbis: bf7c407c2cedff20999df2af8eb42d56 -> 
  custom:audio-encoder-webm-vorbis: bf7c407c2cedff20999df2af8eb42d56 -> 
